Using pre-set license
Built from '2020.3/release' branch; Version is '2020.3.27f1 (e759542391ea) revision 15161684'; Using compiler version '192528614'; Build Type 'Release'
OS: 'Windows 10  (10.0.19044) 64bit Professional' Language: 'en' Physical Memory: 16221 MB
BatchMode: 1, IsHumanControllingUs: 0, StartBugReporterOnCrash: 0, Is64bit: 1, IsPro: 0

COMMAND LINE ARGUMENTS:
C:\Program Files\Unity\Hub\Editor\2020.3.27f1\Editor\Unity.exe
-adb2
-batchMode
-noUpm
-name
AssetImportWorker1
-projectPath
E:/Unity/03_03
-logFile
Logs/AssetImportWorker1.log
-srvPort
63849
Successfully changed project path to: E:/Unity/03_03
E:/Unity/03_03
Using Asset Import Pipeline V2.
Refreshing native plugins compatible for Editor in 26.76 ms, found 2 plugins.
Preloading 0 native plugins for Editor in 0.00 ms.
Initialize engine version: 2020.3.27f1 (e759542391ea)
[Subsystems] Discovering subsystems at path C:/Program Files/Unity/Hub/Editor/2020.3.27f1/Editor/Data/Resources/UnitySubsystems
[Subsystems] Discovering subsystems at path E:/Unity/03_03/Assets
GfxDevice: creating device client; threaded=0
Direct3D:
    Version:  Direct3D 11.0 [level 11.1]
    Renderer: Intel(R) UHD Graphics 630 (ID=0x9bc8)
    Vendor:   
    VRAM:     8110 MB
    Driver:   27.20.100.8681
Initialize mono
Mono path[0] = 'C:/Program Files/Unity/Hub/Editor/2020.3.27f1/Editor/Data/Managed'
Mono path[1] = 'C:/Program Files/Unity/Hub/Editor/2020.3.27f1/Editor/Data/MonoBleedingEdge/lib/mono/unityjit'
Mono config path = 'C:/Program Files/Unity/Hub/Editor/2020.3.27f1/Editor/Data/MonoBleedingEdge/etc'
Using monoOptions --debugger-agent=transport=dt_socket,embedding=1,server=y,suspend=n,address=127.0.0.1:56992
Begin MonoManager ReloadAssembly
Registering precompiled unity dll's ...
Register platform support module: C:/Program Files/Unity/Hub/Editor/2020.3.27f1/Editor/Data/PlaybackEngines/WebGLSupport/UnityEditor.WebGL.Extensions.dll
Register platform support module: C:/Program Files/Unity/Hub/Editor/2020.3.27f1/Editor/Data/PlaybackEngines/WindowsStandaloneSupport/UnityEditor.WindowsStandalone.Extensions.dll
Registered in 0.001735 seconds.
Native extension for WindowsStandalone target not found
Native extension for WebGL target not found
Refreshing native plugins compatible for Editor in 27.04 ms, found 2 plugins.
Preloading 0 native plugins for Editor in 0.00 ms.
Mono: successfully reloaded assembly
- Completed reload, in  0.486 seconds
Domain Reload Profiling:
	ReloadAssembly (486ms)
		BeginReloadAssembly (53ms)
			ExecutionOrderSort (0ms)
			DisableScriptedObjects (0ms)
			BackupInstance (0ms)
			ReleaseScriptingObjects (0ms)
			CreateAndSetChildDomain (1ms)
		EndReloadAssembly (376ms)
			LoadAssemblies (51ms)
			RebuildTransferFunctionScriptingTraits (0ms)
			SetupTypeCache (120ms)
			ReleaseScriptCaches (0ms)
			RebuildScriptCaches (31ms)
			SetupLoadedEditorAssemblies (137ms)
				LogAssemblyErrors (0ms)
				InitializePlatformSupportModulesInManaged (5ms)
				SetLoadedEditorAssemblies (0ms)
				RefreshPlugins (27ms)
				BeforeProcessingInitializeOnLoad (14ms)
				ProcessInitializeOnLoadAttributes (68ms)
				ProcessInitializeOnLoadMethodAttributes (23ms)
				AfterProcessingInitializeOnLoad (0ms)
				EditorAssembliesLoaded (0ms)
			ExecutionOrderSort2 (0ms)
			AwakeInstancesAfterBackupRestoration (0ms)
Platform modules already initialized, skipping
Registering precompiled user dll's ...
Registered in 0.002049 seconds.
Begin MonoManager ReloadAssembly
Native extension for WindowsStandalone target not found
Native extension for WebGL target not found
Refreshing native plugins compatible for Editor in 0.28 ms, found 2 plugins.
Preloading 0 native plugins for Editor in 0.00 ms.
Mono: successfully reloaded assembly
- Completed reload, in  0.848 seconds
Domain Reload Profiling:
	ReloadAssembly (848ms)
		BeginReloadAssembly (125ms)
			ExecutionOrderSort (0ms)
			DisableScriptedObjects (4ms)
			BackupInstance (0ms)
			ReleaseScriptingObjects (0ms)
			CreateAndSetChildDomain (15ms)
		EndReloadAssembly (675ms)
			LoadAssemblies (73ms)
			RebuildTransferFunctionScriptingTraits (0ms)
			SetupTypeCache (225ms)
			ReleaseScriptCaches (0ms)
			RebuildScriptCaches (40ms)
			SetupLoadedEditorAssemblies (266ms)
				LogAssemblyErrors (0ms)
				InitializePlatformSupportModulesInManaged (5ms)
				SetLoadedEditorAssemblies (0ms)
				RefreshPlugins (0ms)
				BeforeProcessingInitializeOnLoad (68ms)
				ProcessInitializeOnLoadAttributes (181ms)
				ProcessInitializeOnLoadMethodAttributes (8ms)
				AfterProcessingInitializeOnLoad (5ms)
				EditorAssembliesLoaded (0ms)
			ExecutionOrderSort2 (0ms)
			AwakeInstancesAfterBackupRestoration (6ms)
Platform modules already initialized, skipping
========================================================================
Worker process is ready to serve import requests
Launched and connected shader compiler UnityShaderCompiler.exe after 0.05 seconds
Refreshing native plugins compatible for Editor in 0.28 ms, found 2 plugins.
Preloading 0 native plugins for Editor in 0.00 ms.
Unloading 1509 Unused Serialized files (Serialized files now loaded: 0)
System memory in use before: 140.4 MB.
System memory in use after: 140.5 MB.

Unloading 19 unused Assets to reduce memory usage. Loaded Objects now: 1943.
Total: 2.385700 ms (FindLiveObjects: 0.111800 ms CreateObjectMapping: 0.035200 ms MarkObjects: 2.193900 ms  DeleteObjects: 0.044000 ms)

AssetImportParameters requested are different than current active one (requested -> active):
  custom:framework-win-MediaFoundation: 216162199b28c13a410421893ffa2e32 -> 
  custom:video-decoder-ogg-theora: a1e56fd34408186e4bbccfd4996cb3dc -> 
  custom:container-muxer-webm: aa71ff27fc2769a1b78a27578f13a17b -> 
  custom:container-demuxer-webm: 4f35f7cbe854078d1ac9338744f61a02 -> 
  custom:container-demuxer-ogg: 62fdf1f143b41e24485cea50d1cbac27 -> 
  custom:video-encoder-webm-vp8: eb34c28f22e8b96e1ab97ce403110664 -> 
  custom:video-decoder-webm-vp8: 9c59270c3fd7afecdb556c50c9e8de78 -> 
  custom:audio-decoder-ogg-vorbis: bf7c407c2cedff20999df2af8eb42d56 -> 
  custom:audio-encoder-webm-vorbis: bf7c407c2cedff20999df2af8eb42d56 -> 
========================================================================
Received Import Request.
  path: Assets/EffectTexturesAndPrefabs/Materials/ShockWave.mat
  artifactKey: Guid(5f99d3e552fc62a46adcae1142016e56) Importer(815301076,1909f56bfc062723c751e8b465ee728b)
Start importing Assets/EffectTexturesAndPrefabs/Materials/ShockWave.mat using Guid(5f99d3e552fc62a46adcae1142016e56) Importer(815301076,1909f56bfc062723c751e8b465ee728b)  -> (artifact id: '78fc154ac37126cbe9e5e00f555cfa4a') in 0.171447 seconds 
  Import took 0.173592 seconds .

========================================================================
Received Import Request.
  Time since last request: 0.000172 seconds.
  path: Assets/EffectTexturesAndPrefabs/Materials/Smoke_explosion.mat
  artifactKey: Guid(8350849aae5998e4ca0f12fcd3e9c157) Importer(815301076,1909f56bfc062723c751e8b465ee728b)
Start importing Assets/EffectTexturesAndPrefabs/Materials/Smoke_explosion.mat using Guid(8350849aae5998e4ca0f12fcd3e9c157) Importer(815301076,1909f56bfc062723c751e8b465ee728b)  -> (artifact id: 'f2d01090eda296e0b9667679c6ab9d9f') in 1.304879 seconds 
  Import took 1.307229 seconds .

========================================================================
Received Import Request.
  Time since last request: 0.000233 seconds.
  path: Assets/EffectTexturesAndPrefabs/Materials/SparkParticle.mat
  artifactKey: Guid(188bbd7714ed53b4ab47e30ee1f8c00c) Importer(815301076,1909f56bfc062723c751e8b465ee728b)
Start importing Assets/EffectTexturesAndPrefabs/Materials/SparkParticle.mat using Guid(188bbd7714ed53b4ab47e30ee1f8c00c) Importer(815301076,1909f56bfc062723c751e8b465ee728b)  -> (artifact id: 'de5dba5ead26bcce034d1281da98ad33') in 0.174201 seconds 
  Import took 0.176383 seconds .

========================================================================
Received Import Request.
  Time since last request: 0.000239 seconds.
  path: Assets/EffectTexturesAndPrefabs/Textures/fire_A.png
  artifactKey: Guid(e4627330551d3014bb2d466848a06dff) Importer(815301076,1909f56bfc062723c751e8b465ee728b)
Start importing Assets/EffectTexturesAndPrefabs/Textures/fire_A.png using Guid(e4627330551d3014bb2d466848a06dff) Importer(815301076,1909f56bfc062723c751e8b465ee728b)  -> (artifact id: '572245af3db6046ac264496edca3aa4a') in 0.021464 seconds 
  Import took 0.023611 seconds .

========================================================================
Received Import Request.
  Time since last request: 0.000128 seconds.
  path: Assets/EffectTexturesAndPrefabs/Textures/star_B.png
  artifactKey: Guid(a692e8fb04fe88f48b87e461b9e8409d) Importer(815301076,1909f56bfc062723c751e8b465ee728b)
Start importing Assets/EffectTexturesAndPrefabs/Textures/star_B.png using Guid(a692e8fb04fe88f48b87e461b9e8409d) Importer(815301076,1909f56bfc062723c751e8b465ee728b)  -> (artifact id: '26d7b3d98dd835b328856a317a760b66') in 0.009311 seconds 
  Import took 0.011836 seconds .

========================================================================
Received Import Request.
  Time since last request: 0.000276 seconds.
  path: Assets/EffectTexturesAndPrefabs/Materials/MuzzleFlash.mat
  artifactKey: Guid(c87875f717377f74f84d94ac4def6622) Importer(815301076,1909f56bfc062723c751e8b465ee728b)
Start importing Assets/EffectTexturesAndPrefabs/Materials/MuzzleFlash.mat using Guid(c87875f717377f74f84d94ac4def6622) Importer(815301076,1909f56bfc062723c751e8b465ee728b)  -> (artifact id: '0347f8bf026adf8ab3639b22de342486') in 0.033259 seconds 
  Import took 0.035421 seconds .

========================================================================
Received Import Request.
  Time since last request: 0.000160 seconds.
  path: Assets/EffectTexturesAndPrefabs/Materials/Heart.mat
  artifactKey: Guid(39fbad40cddaec94196b2768dba204a5) Importer(815301076,1909f56bfc062723c751e8b465ee728b)
Start importing Assets/EffectTexturesAndPrefabs/Materials/Heart.mat using Guid(39fbad40cddaec94196b2768dba204a5) Importer(815301076,1909f56bfc062723c751e8b465ee728b)  -> (artifact id: '02686eef87f8d0fbd691ef8d3a9f132a') in 0.010648 seconds 
  Import took 0.013097 seconds .

========================================================================
Received Import Request.
  Time since last request: 0.000139 seconds.
  path: Assets/EffectTexturesAndPrefabs/Textures/smoke_n.png
  artifactKey: Guid(4cf38eda12d49f54d83a8d3de778eab9) Importer(815301076,1909f56bfc062723c751e8b465ee728b)
Start importing Assets/EffectTexturesAndPrefabs/Textures/smoke_n.png using Guid(4cf38eda12d49f54d83a8d3de778eab9) Importer(815301076,1909f56bfc062723c751e8b465ee728b)  -> (artifact id: '8249484bb5b263ce502e999d5d3cff01') in 0.013940 seconds 
  Import took 0.016893 seconds .

========================================================================
Received Import Request.
  Time since last request: 0.000146 seconds.
  path: Assets/EffectTexturesAndPrefabs/Textures/particle_A.png
  artifactKey: Guid(7a034c8d003ebef4d89457c73317547b) Importer(815301076,1909f56bfc062723c751e8b465ee728b)
Start importing Assets/EffectTexturesAndPrefabs/Textures/particle_A.png using Guid(7a034c8d003ebef4d89457c73317547b) Importer(815301076,1909f56bfc062723c751e8b465ee728b)  -> (artifact id: '088a491d3458f9a5fc916ff453e77f4c') in 0.013048 seconds 
  Import took 0.015783 seconds .

========================================================================
Received Import Request.
  Time since last request: 0.000177 seconds.
  path: Assets/EffectTexturesAndPrefabs/Materials/LightRing.mat
  artifactKey: Guid(0161c043b67ab5541a07dbabad9d69b4) Importer(815301076,1909f56bfc062723c751e8b465ee728b)
Start importing Assets/EffectTexturesAndPrefabs/Materials/LightRing.mat using Guid(0161c043b67ab5541a07dbabad9d69b4) Importer(815301076,1909f56bfc062723c751e8b465ee728b)  -> (artifact id: '41589acc02fdc500026332af1fcdfc1b') in 0.014177 seconds 
  Import took 0.016797 seconds .

========================================================================
Received Import Request.
  Time since last request: 0.000139 seconds.
  path: Assets/EffectTexturesAndPrefabs/Textures/star_A.png
  artifactKey: Guid(2a333df97c48b2b4e9610c526a3c3e5e) Importer(815301076,1909f56bfc062723c751e8b465ee728b)
Start importing Assets/EffectTexturesAndPrefabs/Textures/star_A.png using Guid(2a333df97c48b2b4e9610c526a3c3e5e) Importer(815301076,1909f56bfc062723c751e8b465ee728b)  -> (artifact id: '6840f0a5c8c74c75a746e2e5d4cb6fc9') in 0.010512 seconds 
  Import took 0.013051 seconds .

========================================================================
Received Import Request.
  Time since last request: 0.000203 seconds.
  path: Assets/EffectTexturesAndPrefabs/Materials/Blue.mat
  artifactKey: Guid(056b8378eaa9abc4099799b460ca1f78) Importer(815301076,1909f56bfc062723c751e8b465ee728b)
Start importing Assets/EffectTexturesAndPrefabs/Materials/Blue.mat using Guid(056b8378eaa9abc4099799b460ca1f78) Importer(815301076,1909f56bfc062723c751e8b465ee728b)  -> (artifact id: 'ea026dfb20649dc190fb7f66d14cf556') in 0.015119 seconds 
  Import took 0.018065 seconds .

========================================================================
Received Import Request.
  Time since last request: 0.000153 seconds.
  path: Assets/EffectTexturesAndPrefabs/Materials/Fire_A.mat
  artifactKey: Guid(b465c451c01c117458142e3e46fe035b) Importer(815301076,1909f56bfc062723c751e8b465ee728b)
Start importing Assets/EffectTexturesAndPrefabs/Materials/Fire_A.mat using Guid(b465c451c01c117458142e3e46fe035b) Importer(815301076,1909f56bfc062723c751e8b465ee728b)  -> (artifact id: 'a9084814dc4bf3f748622ba4d9b1f09a') in 0.013103 seconds 
  Import took 0.015634 seconds .

========================================================================
Received Import Request.
  Time since last request: 0.000161 seconds.
  path: Assets/EffectTexturesAndPrefabs/Materials/Smoke_thick.mat
  artifactKey: Guid(97de08415789a694eb7b2ac89fd4e9d9) Importer(815301076,1909f56bfc062723c751e8b465ee728b)
Start importing Assets/EffectTexturesAndPrefabs/Materials/Smoke_thick.mat using Guid(97de08415789a694eb7b2ac89fd4e9d9) Importer(815301076,1909f56bfc062723c751e8b465ee728b)  -> (artifact id: '913fbe1a828e0a410903b41b5f831097') in 1.223070 seconds 
  Import took 1.225521 seconds .

========================================================================
Received Import Request.
  Time since last request: 0.000234 seconds.
  path: Assets/EffectTexturesAndPrefabs/Textures/light_ring.png
  artifactKey: Guid(e8e4bc588b1176c4aafab4804c6d8d98) Importer(815301076,1909f56bfc062723c751e8b465ee728b)
Start importing Assets/EffectTexturesAndPrefabs/Textures/light_ring.png using Guid(e8e4bc588b1176c4aafab4804c6d8d98) Importer(815301076,1909f56bfc062723c751e8b465ee728b)  -> (artifact id: 'be54ab0828423b7c2d31024948f35363') in 0.009444 seconds 
  Import took 0.011849 seconds .

========================================================================
Received Import Request.
  Time since last request: 0.000175 seconds.
  path: Assets/EffectTexturesAndPrefabs/Textures/ShockWave.png
  artifactKey: Guid(068fda816d1984c4d9d66984ad9d3a03) Importer(815301076,1909f56bfc062723c751e8b465ee728b)
Start importing Assets/EffectTexturesAndPrefabs/Textures/ShockWave.png using Guid(068fda816d1984c4d9d66984ad9d3a03) Importer(815301076,1909f56bfc062723c751e8b465ee728b)  -> (artifact id: '09779f53ff492a64b5f0f9b28f7b8d9f') in 0.014312 seconds 
  Import took 0.017195 seconds .

========================================================================
Received Import Request.
  Time since last request: 0.000253 seconds.
  path: Assets/EffectTexturesAndPrefabs/Textures/smoke_thin.png
  artifactKey: Guid(90dbf173ff255434d8191e5cbbe24576) Importer(815301076,1909f56bfc062723c751e8b465ee728b)
Start importing Assets/EffectTexturesAndPrefabs/Textures/smoke_thin.png using Guid(90dbf173ff255434d8191e5cbbe24576) Importer(815301076,1909f56bfc062723c751e8b465ee728b)  -> (artifact id: '6239ae87e0b561cfe1ec4d732991d076') in 0.008417 seconds 
  Import took 0.011639 seconds .

========================================================================
Received Import Request.
  Time since last request: 0.000170 seconds.
  path: Assets/EffectTexturesAndPrefabs/Textures/smoke_thick.png
  artifactKey: Guid(e21987f0672043a459d97b5331c087e9) Importer(815301076,1909f56bfc062723c751e8b465ee728b)
Start importing Assets/EffectTexturesAndPrefabs/Textures/smoke_thick.png using Guid(e21987f0672043a459d97b5331c087e9) Importer(815301076,1909f56bfc062723c751e8b465ee728b)  -> (artifact id: '65452392f865a0264b97aabcee9c1c4b') in 0.014550 seconds 
  Import took 0.017286 seconds .

========================================================================
Received Import Request.
  Time since last request: 0.000174 seconds.
  path: Assets/EffectTexturesAndPrefabs/Materials/FireParticle_A.mat
  artifactKey: Guid(abc49fa8b01f5314c880641bc7c5986d) Importer(815301076,1909f56bfc062723c751e8b465ee728b)
Start importing Assets/EffectTexturesAndPrefabs/Materials/FireParticle_A.mat using Guid(abc49fa8b01f5314c880641bc7c5986d) Importer(815301076,1909f56bfc062723c751e8b465ee728b)  -> (artifact id: '64423d0df98ab84835cb79bac8189ad9') in 0.009416 seconds 
  Import took 0.012606 seconds .

========================================================================
Received Import Request.
  Time since last request: 0.000180 seconds.
  path: Assets/EffectTexturesAndPrefabs/Materials/Star_A.mat
  artifactKey: Guid(aac8c2d15db78104ba4efcddca91ba0e) Importer(815301076,1909f56bfc062723c751e8b465ee728b)
Start importing Assets/EffectTexturesAndPrefabs/Materials/Star_A.mat using Guid(aac8c2d15db78104ba4efcddca91ba0e) Importer(815301076,1909f56bfc062723c751e8b465ee728b)  -> (artifact id: '3106d053f386b2796139d85c9c932851') in 0.013732 seconds 
  Import took 0.016881 seconds .

========================================================================
Received Import Request.
  Time since last request: 0.000164 seconds.
  path: Assets/EffectTexturesAndPrefabs/Textures/heart.png
  artifactKey: Guid(d55c061dc27d0ce4a9ec883994eb8bf3) Importer(815301076,1909f56bfc062723c751e8b465ee728b)
Start importing Assets/EffectTexturesAndPrefabs/Textures/heart.png using Guid(d55c061dc27d0ce4a9ec883994eb8bf3) Importer(815301076,1909f56bfc062723c751e8b465ee728b)  -> (artifact id: '0cd1afb5d576cceeff0f8071f894f3b0') in 0.010817 seconds 
  Import took 0.013450 seconds .

========================================================================
Received Import Request.
  Time since last request: 0.000149 seconds.
  path: Assets/EffectTexturesAndPrefabs/Materials/Star_B.mat
  artifactKey: Guid(19e0af29cd4638241944ed62aa8986fc) Importer(815301076,1909f56bfc062723c751e8b465ee728b)
Start importing Assets/EffectTexturesAndPrefabs/Materials/Star_B.mat using Guid(19e0af29cd4638241944ed62aa8986fc) Importer(815301076,1909f56bfc062723c751e8b465ee728b)  -> (artifact id: 'ab2873f4575d98637fa487e916db29ae') in 0.013431 seconds 
  Import took 0.016408 seconds .

========================================================================
Received Import Request.
  Time since last request: 0.000177 seconds.
  path: Assets/EffectTexturesAndPrefabs/Materials/Slash.mat
  artifactKey: Guid(7ab6922abe596f14bbeacc00ae8c81be) Importer(815301076,1909f56bfc062723c751e8b465ee728b)
Start importing Assets/EffectTexturesAndPrefabs/Materials/Slash.mat using Guid(7ab6922abe596f14bbeacc00ae8c81be) Importer(815301076,1909f56bfc062723c751e8b465ee728b)  -> (artifact id: 'f799b5395cab9d193cbe1ce84a6cebf6') in 0.012785 seconds 
  Import took 0.015823 seconds .

========================================================================
Received Import Request.
  Time since last request: 0.000166 seconds.
  path: Assets/EffectTexturesAndPrefabs/Textures/light.png
  artifactKey: Guid(a6de0b4e38ace5e4281e0b18205d4615) Importer(815301076,1909f56bfc062723c751e8b465ee728b)
Start importing Assets/EffectTexturesAndPrefabs/Textures/light.png using Guid(a6de0b4e38ace5e4281e0b18205d4615) Importer(815301076,1909f56bfc062723c751e8b465ee728b)  -> (artifact id: '0c48979318026662cc569c08045e9693') in 0.010255 seconds 
  Import took 0.013348 seconds .

========================================================================
Received Import Request.
  Time since last request: 0.000204 seconds.
  path: Assets/EffectTexturesAndPrefabs/Materials/Smoke_thin.mat
  artifactKey: Guid(8764e26efc3afff4db4bfbabc8fd2043) Importer(815301076,1909f56bfc062723c751e8b465ee728b)
Start importing Assets/EffectTexturesAndPrefabs/Materials/Smoke_thin.mat using Guid(8764e26efc3afff4db4bfbabc8fd2043) Importer(815301076,1909f56bfc062723c751e8b465ee728b)  -> (artifact id: '07bed6ba6bf7a347eb27723fa3a57733') in 0.013631 seconds 
  Import took 0.016967 seconds .

========================================================================
Received Import Request.
  Time since last request: 0.000330 seconds.
  path: Assets/EffectTexturesAndPrefabs/Materials/Light.mat
  artifactKey: Guid(05fa321eed70c8a4abaaa1eb517bb3b7) Importer(815301076,1909f56bfc062723c751e8b465ee728b)
Start importing Assets/EffectTexturesAndPrefabs/Materials/Light.mat using Guid(05fa321eed70c8a4abaaa1eb517bb3b7) Importer(815301076,1909f56bfc062723c751e8b465ee728b)  -> (artifact id: '1eef4a9767b043be0c00f0009947cfeb') in 0.011199 seconds 
  Import took 0.013973 seconds .

========================================================================
Received Import Request.
  Time since last request: 0.000128 seconds.
  path: Assets/EffectTexturesAndPrefabs/Textures/slash.png
  artifactKey: Guid(114545a4b70d362468dce7ca6f39e659) Importer(815301076,1909f56bfc062723c751e8b465ee728b)
Start importing Assets/EffectTexturesAndPrefabs/Textures/slash.png using Guid(114545a4b70d362468dce7ca6f39e659) Importer(815301076,1909f56bfc062723c751e8b465ee728b)  -> (artifact id: '0b5546a2a8e9088d5f3dcd6ecbd854a5') in 0.010994 seconds 
  Import took 0.013788 seconds .

========================================================================
Received Import Request.
  Time since last request: 0.000349 seconds.
  path: Assets/EffectTexturesAndPrefabs/Textures/SparkParticle.png
  artifactKey: Guid(d9967c20ed8721d4fae012da762cd471) Importer(815301076,1909f56bfc062723c751e8b465ee728b)
Start importing Assets/EffectTexturesAndPrefabs/Textures/SparkParticle.png using Guid(d9967c20ed8721d4fae012da762cd471) Importer(815301076,1909f56bfc062723c751e8b465ee728b)  -> (artifact id: '438610233e59e35bb2db62f44f6e0266') in 0.009754 seconds 
  Import took 0.012296 seconds .

========================================================================
Received Import Request.
  Time since last request: 0.000171 seconds.
  path: Assets/EffectTexturesAndPrefabs/Textures/MuzzleFlash.tga
  artifactKey: Guid(76c091cfa73cb7e43b5e3a696b08e723) Importer(815301076,1909f56bfc062723c751e8b465ee728b)
Start importing Assets/EffectTexturesAndPrefabs/Textures/MuzzleFlash.tga using Guid(76c091cfa73cb7e43b5e3a696b08e723) Importer(815301076,1909f56bfc062723c751e8b465ee728b)  -> (artifact id: '2a4745ecfcdaab7c9adc92e72d409e03') in 0.026251 seconds 
  Import took 0.028787 seconds .

========================================================================
Received Import Request.
  Time since last request: 0.000134 seconds.
  path: Assets/EffectTexturesAndPrefabs/Materials/PlaneBlack.mat
  artifactKey: Guid(d8a7d31f497e15a47859d4c852dcee03) Importer(815301076,1909f56bfc062723c751e8b465ee728b)
Start importing Assets/EffectTexturesAndPrefabs/Materials/PlaneBlack.mat using Guid(d8a7d31f497e15a47859d4c852dcee03) Importer(815301076,1909f56bfc062723c751e8b465ee728b)  -> (artifact id: 'd5ea7389314e479ed40ab4fb4a4dedcf') in 0.012716 seconds 
  Import took 0.015253 seconds .

========================================================================
Received Import Request.
  Time since last request: 23.629952 seconds.
  path: Assets/ColorfulButtons/Close.png
  artifactKey: Guid(055d5058ff6230d4d88e3044a207f815) Importer(815301076,1909f56bfc062723c751e8b465ee728b)
Start importing Assets/ColorfulButtons/Close.png using Guid(055d5058ff6230d4d88e3044a207f815) Importer(815301076,1909f56bfc062723c751e8b465ee728b)  -> (artifact id: '3ecd5700cfdfdcf60a68afadb664a721') in 0.021768 seconds 
  Import took 0.024452 seconds .

========================================================================
Received Import Request.
  Time since last request: 0.000169 seconds.
  path: Assets/ColorfulButtons/Instagram.png
  artifactKey: Guid(e71cad56ad735314382d56a45ab59e88) Importer(815301076,1909f56bfc062723c751e8b465ee728b)
Start importing Assets/ColorfulButtons/Instagram.png using Guid(e71cad56ad735314382d56a45ab59e88) Importer(815301076,1909f56bfc062723c751e8b465ee728b)  -> (artifact id: '229e01424e15f8c0e8b3446e5db8be43') in 0.014286 seconds 
  Import took 0.016629 seconds .

========================================================================
Received Import Request.
  Time since last request: 0.000128 seconds.
  path: Assets/ColorfulButtons/Minus.png
  artifactKey: Guid(93b3d004e1ed7884b9bd712e5a6f9ceb) Importer(815301076,1909f56bfc062723c751e8b465ee728b)
Start importing Assets/ColorfulButtons/Minus.png using Guid(93b3d004e1ed7884b9bd712e5a6f9ceb) Importer(815301076,1909f56bfc062723c751e8b465ee728b)  -> (artifact id: '3f3d7eea94fbe67ff1d836826728706c') in 0.043483 seconds 
  Import took 0.045634 seconds .

========================================================================
Received Import Request.
  Time since last request: 0.000140 seconds.
  path: Assets/ColorfulButtons/Shop.png
  artifactKey: Guid(286bb98c3ea19574f88d3f3aa497c8e6) Importer(815301076,1909f56bfc062723c751e8b465ee728b)
Start importing Assets/ColorfulButtons/Shop.png using Guid(286bb98c3ea19574f88d3f3aa497c8e6) Importer(815301076,1909f56bfc062723c751e8b465ee728b)  -> (artifact id: '5f65b53e579723b8a132de5d71021eec') in 0.016746 seconds 
  Import took 0.018931 seconds .

========================================================================
Received Import Request.
  Time since last request: 0.000182 seconds.
  path: Assets/ColorfulButtons/PowerUp.png
  artifactKey: Guid(efbf1c0c1cd620e4fa0904e56057e21c) Importer(815301076,1909f56bfc062723c751e8b465ee728b)
Start importing Assets/ColorfulButtons/PowerUp.png using Guid(efbf1c0c1cd620e4fa0904e56057e21c) Importer(815301076,1909f56bfc062723c751e8b465ee728b)  -> (artifact id: '9024ed9775eba08e0cae9f957fa6b001') in 0.024914 seconds 
  Import took 0.027637 seconds .

========================================================================
Received Import Request.
  Time since last request: 0.000156 seconds.
  path: Assets/ColorfulButtons/Trophy.png
  artifactKey: Guid(f7f8d7ac04e6e59428eb846b5ff4fe6b) Importer(815301076,1909f56bfc062723c751e8b465ee728b)
Start importing Assets/ColorfulButtons/Trophy.png using Guid(f7f8d7ac04e6e59428eb846b5ff4fe6b) Importer(815301076,1909f56bfc062723c751e8b465ee728b)  -> (artifact id: 'ef7774804133a63bbe10595e79419ede') in 0.023213 seconds 
  Import took 0.025556 seconds .

========================================================================
Received Import Request.
  Time since last request: 0.000137 seconds.
  path: Assets/ColorfulButtons/Trash.png
  artifactKey: Guid(e80e8e1ba68b64a4f9da7aebb4092391) Importer(815301076,1909f56bfc062723c751e8b465ee728b)
Start importing Assets/ColorfulButtons/Trash.png using Guid(e80e8e1ba68b64a4f9da7aebb4092391) Importer(815301076,1909f56bfc062723c751e8b465ee728b)  -> (artifact id: 'c131c26defa9ea4d6e1e82c679226653') in 0.037669 seconds 
  Import took 0.040150 seconds .

========================================================================
Received Import Request.
  Time since last request: 0.000223 seconds.
  path: Assets/ColorfulButtons/Menu.png
  artifactKey: Guid(ffb63111dcc1a1b4c9c1bb12e3c90bef) Importer(815301076,1909f56bfc062723c751e8b465ee728b)
Start importing Assets/ColorfulButtons/Menu.png using Guid(ffb63111dcc1a1b4c9c1bb12e3c90bef) Importer(815301076,1909f56bfc062723c751e8b465ee728b)  -> (artifact id: 'ef418b9e4ed647356547e3f7b952cc16') in 0.020666 seconds 
  Import took 0.023384 seconds .

========================================================================
Received Import Request.
  Time since last request: 0.000193 seconds.
  path: Assets/ColorfulButtons/Share.png
  artifactKey: Guid(4638b3125c90bf14ba97afe4b2c6b047) Importer(815301076,1909f56bfc062723c751e8b465ee728b)
Start importing Assets/ColorfulButtons/Share.png using Guid(4638b3125c90bf14ba97afe4b2c6b047) Importer(815301076,1909f56bfc062723c751e8b465ee728b)  -> (artifact id: 'fc38e994e4d8488a5b3aa944d71037cc') in 0.025228 seconds 
  Import took 0.027452 seconds .

========================================================================
Received Import Request.
  Time since last request: 0.000244 seconds.
  path: Assets/ColorfulButtons/Pause.png
  artifactKey: Guid(d97994fc05d31fd449a0b49d2efaa673) Importer(815301076,1909f56bfc062723c751e8b465ee728b)
Start importing Assets/ColorfulButtons/Pause.png using Guid(d97994fc05d31fd449a0b49d2efaa673) Importer(815301076,1909f56bfc062723c751e8b465ee728b)  -> (artifact id: '5845babeb7ce45a2e11b1d011e961f1f') in 0.013215 seconds 
  Import took 0.015957 seconds .

========================================================================
Received Import Request.
  Time since last request: 0.000125 seconds.
  path: Assets/ColorfulButtons/Settings.png
  artifactKey: Guid(14a48232720b008449c9d4ed3f0a26e8) Importer(815301076,1909f56bfc062723c751e8b465ee728b)
Start importing Assets/ColorfulButtons/Settings.png using Guid(14a48232720b008449c9d4ed3f0a26e8) Importer(815301076,1909f56bfc062723c751e8b465ee728b)  -> (artifact id: '5250fa42ab4e3a6da65ed5ec6f617d44') in 0.023379 seconds 
  Import took 0.025831 seconds .

========================================================================
Received Import Request.
  Time since last request: 0.000136 seconds.
  path: Assets/ColorfulButtons/SoundOff.png
  artifactKey: Guid(93112396d229e7b4b8e905b395efd4f0) Importer(815301076,1909f56bfc062723c751e8b465ee728b)
Start importing Assets/ColorfulButtons/SoundOff.png using Guid(93112396d229e7b4b8e905b395efd4f0) Importer(815301076,1909f56bfc062723c751e8b465ee728b)  -> (artifact id: '4cf41f94b42f2145234953cad5581e90') in 0.013317 seconds 
  Import took 0.015608 seconds .

========================================================================
Received Import Request.
  Time since last request: 0.000121 seconds.
  path: Assets/ColorfulButtons/Plus.png
  artifactKey: Guid(07be1bf83b93e8042a91bf63f56ba047) Importer(815301076,1909f56bfc062723c751e8b465ee728b)
Start importing Assets/ColorfulButtons/Plus.png using Guid(07be1bf83b93e8042a91bf63f56ba047) Importer(815301076,1909f56bfc062723c751e8b465ee728b)  -> (artifact id: '8ff0b2a5e5e81c42d3f0953a85fd0d02') in 0.024488 seconds 
  Import took 0.026695 seconds .

========================================================================
Received Import Request.
  Time since last request: 0.000151 seconds.
  path: Assets/ColorfulButtons/ForwardLeft.png
  artifactKey: Guid(7c8b9f24690098d4c937a4d8a0b9f4ac) Importer(815301076,1909f56bfc062723c751e8b465ee728b)
Start importing Assets/ColorfulButtons/ForwardLeft.png using Guid(7c8b9f24690098d4c937a4d8a0b9f4ac) Importer(815301076,1909f56bfc062723c751e8b465ee728b)  -> (artifact id: '45969d06039e97ec5b9f9a2b3ae9af66') in 0.011903 seconds 
  Import took 0.014837 seconds .

========================================================================
Received Import Request.
  Time since last request: 0.000195 seconds.
  path: Assets/ColorfulButtons/Facebook.png
  artifactKey: Guid(61ece5dea88efa2478bc946cb63f0e57) Importer(815301076,1909f56bfc062723c751e8b465ee728b)
Start importing Assets/ColorfulButtons/Facebook.png using Guid(61ece5dea88efa2478bc946cb63f0e57) Importer(815301076,1909f56bfc062723c751e8b465ee728b)  -> (artifact id: '02bb99191e1108913ce5aec01a764b3e') in 0.023945 seconds 
  Import took 0.026081 seconds .

========================================================================
Received Import Request.
  Time since last request: 0.000162 seconds.
  path: Assets/ColorfulButtons/Left.png
  artifactKey: Guid(822655e6b73830b4d823770a979f3bb5) Importer(815301076,1909f56bfc062723c751e8b465ee728b)
Start importing Assets/ColorfulButtons/Left.png using Guid(822655e6b73830b4d823770a979f3bb5) Importer(815301076,1909f56bfc062723c751e8b465ee728b)  -> (artifact id: 'bd650c976ca982c3c3a41128839f3e6c') in 0.011878 seconds 
  Import took 0.014617 seconds .

========================================================================
Received Import Request.
  Time since last request: 0.000268 seconds.
  path: Assets/ColorfulButtons/Google.png
  artifactKey: Guid(deb8b63bc1576db4cb31fad6bd1bc2c6) Importer(815301076,1909f56bfc062723c751e8b465ee728b)
Start importing Assets/ColorfulButtons/Google.png using Guid(deb8b63bc1576db4cb31fad6bd1bc2c6) Importer(815301076,1909f56bfc062723c751e8b465ee728b)  -> (artifact id: '33afe0c8d90b803e3b595b0d49397aca') in 0.027112 seconds 
  Import took 0.029865 seconds .

========================================================================
Received Import Request.
  Time since last request: 0.000142 seconds.
  path: Assets/ColorfulButtons/ForwardRight.png
  artifactKey: Guid(39f1f08d1c8393841aca09fc8b0d3abb) Importer(815301076,1909f56bfc062723c751e8b465ee728b)
Start importing Assets/ColorfulButtons/ForwardRight.png using Guid(39f1f08d1c8393841aca09fc8b0d3abb) Importer(815301076,1909f56bfc062723c751e8b465ee728b)  -> (artifact id: 'ebd2a0f624e9a61b36b5c45277e43025') in 0.015104 seconds 
  Import took 0.017499 seconds .

========================================================================
Received Import Request.
  Time since last request: 0.000163 seconds.
  path: Assets/ColorfulButtons/GamePad.png
  artifactKey: Guid(3e90f3a89ba6b4b46bcfa784319cb451) Importer(815301076,1909f56bfc062723c751e8b465ee728b)
Start importing Assets/ColorfulButtons/GamePad.png using Guid(3e90f3a89ba6b4b46bcfa784319cb451) Importer(815301076,1909f56bfc062723c751e8b465ee728b)  -> (artifact id: '4e6a77f8e6660cc63fbae603e00792e4') in 0.019240 seconds 
  Import took 0.021541 seconds .

========================================================================
Received Import Request.
  Time since last request: 0.000142 seconds.
  path: Assets/ColorfulButtons/Right.png
  artifactKey: Guid(3e43c73fd8ac9fe4698150e74f61f816) Importer(815301076,1909f56bfc062723c751e8b465ee728b)
Start importing Assets/ColorfulButtons/Right.png using Guid(3e43c73fd8ac9fe4698150e74f61f816) Importer(815301076,1909f56bfc062723c751e8b465ee728b)  -> (artifact id: '3a640b0433fdf126854faa537cb2a800') in 0.016091 seconds 
  Import took 0.018236 seconds .

========================================================================
Received Import Request.
  Time since last request: 0.000144 seconds.
  path: Assets/ColorfulButtons/SoundOn.png
  artifactKey: Guid(667be6da6ce013a4a86ca7276d9950cf) Importer(815301076,1909f56bfc062723c751e8b465ee728b)
Start importing Assets/ColorfulButtons/SoundOn.png using Guid(667be6da6ce013a4a86ca7276d9950cf) Importer(815301076,1909f56bfc062723c751e8b465ee728b)  -> (artifact id: '52ef9738feaab9404e8c930b1a783482') in 0.020614 seconds 
  Import took 0.022793 seconds .

========================================================================
Received Import Request.
  Time since last request: 0.000154 seconds.
  path: Assets/ColorfulButtons/Message.png
  artifactKey: Guid(28865891e0825764bb7ab8623b8cf0c4) Importer(815301076,1909f56bfc062723c751e8b465ee728b)
Start importing Assets/ColorfulButtons/Message.png using Guid(28865891e0825764bb7ab8623b8cf0c4) Importer(815301076,1909f56bfc062723c751e8b465ee728b)  -> (artifact id: 'd9be3c111024d75f3e619996d465c24f') in 0.014266 seconds 
  Import took 0.017036 seconds .

========================================================================
Received Import Request.
  Time since last request: 0.000414 seconds.
  path: Assets/ColorfulButtons/Retry.png
  artifactKey: Guid(feff2c38632b01640b8c4291403a8cde) Importer(815301076,1909f56bfc062723c751e8b465ee728b)
Start importing Assets/ColorfulButtons/Retry.png using Guid(feff2c38632b01640b8c4291403a8cde) Importer(815301076,1909f56bfc062723c751e8b465ee728b)  -> (artifact id: 'df13a5010f14559058e418228218e137') in 0.020771 seconds 
  Import took 0.024347 seconds .

========================================================================
Received Import Request.
  Time since last request: 0.000156 seconds.
  path: Assets/ColorfulButtons/Music.png
  artifactKey: Guid(11d39cec7ab25b94f9556b780f7321ee) Importer(815301076,1909f56bfc062723c751e8b465ee728b)
Start importing Assets/ColorfulButtons/Music.png using Guid(11d39cec7ab25b94f9556b780f7321ee) Importer(815301076,1909f56bfc062723c751e8b465ee728b)  -> (artifact id: '4fae4833fe324c06e410581bc3879a06') in 0.016374 seconds 
  Import took 0.018682 seconds .

========================================================================
Received Import Request.
  Time since last request: 0.000134 seconds.
  path: Assets/ColorfulButtons/Heart.png
  artifactKey: Guid(976cc2e03e4d9394592903c03525c6b1) Importer(815301076,1909f56bfc062723c751e8b465ee728b)
Start importing Assets/ColorfulButtons/Heart.png using Guid(976cc2e03e4d9394592903c03525c6b1) Importer(815301076,1909f56bfc062723c751e8b465ee728b)  -> (artifact id: '4d4d4d68bf403a843040ee672ec3e772') in 0.015882 seconds 
  Import took 0.018691 seconds .

========================================================================
Received Import Request.
  Time since last request: 0.000238 seconds.
  path: Assets/ColorfulButtons/Question.png
  artifactKey: Guid(3f181d0b5ff4ffd4ab171357be626f5e) Importer(815301076,1909f56bfc062723c751e8b465ee728b)
Start importing Assets/ColorfulButtons/Question.png using Guid(3f181d0b5ff4ffd4ab171357be626f5e) Importer(815301076,1909f56bfc062723c751e8b465ee728b)  -> (artifact id: '7ea05abcf9d43b99d9e5636fbe1f2029') in 0.014492 seconds 
  Import took 0.017625 seconds .

========================================================================
Received Import Request.
  Time since last request: 0.000146 seconds.
  path: Assets/ColorfulButtons/Home.png
  artifactKey: Guid(1e4b8e6fd1bd5404ba17585f62e571c3) Importer(815301076,1909f56bfc062723c751e8b465ee728b)
Start importing Assets/ColorfulButtons/Home.png using Guid(1e4b8e6fd1bd5404ba17585f62e571c3) Importer(815301076,1909f56bfc062723c751e8b465ee728b)  -> (artifact id: '7963ea585620f5ec19ce5138cd8a07d1') in 0.016082 seconds 
  Import took 0.018368 seconds .

========================================================================
Received Import Request.
  Time since last request: 0.000148 seconds.
  path: Assets/ColorfulButtons/Play.png
  artifactKey: Guid(157e83f568eca524aa8432e7996a683b) Importer(815301076,1909f56bfc062723c751e8b465ee728b)
Start importing Assets/ColorfulButtons/Play.png using Guid(157e83f568eca524aa8432e7996a683b) Importer(815301076,1909f56bfc062723c751e8b465ee728b)  -> (artifact id: 'f2b745acef8416a643282c94ba0d15b4') in 0.015448 seconds 
  Import took 0.017706 seconds .

========================================================================
Received Import Request.
  Time since last request: 0.000152 seconds.
  path: Assets/ColorfulButtons/Divide.png
  artifactKey: Guid(a0f7bb6ac43ad9445874389e5b24b80a) Importer(815301076,1909f56bfc062723c751e8b465ee728b)
Start importing Assets/ColorfulButtons/Divide.png using Guid(a0f7bb6ac43ad9445874389e5b24b80a) Importer(815301076,1909f56bfc062723c751e8b465ee728b)  -> (artifact id: '1aac942b7728e30dab3ff6b6dd372c77') in 0.015270 seconds 
  Import took 0.017627 seconds .

