Using pre-set license
Built from '2020.3/release' branch; Version is '2020.3.27f1 (e759542391ea) revision 15161684'; Using compiler version '192528614'; Build Type 'Release'
OS: 'Windows 10  (10.0.19044) 64bit Professional' Language: 'en' Physical Memory: 16221 MB
BatchMode: 1, IsHumanControllingUs: 0, StartBugReporterOnCrash: 0, Is64bit: 1, IsPro: 0

COMMAND LINE ARGUMENTS:
C:\Program Files\Unity\Hub\Editor\2020.3.27f1\Editor\Unity.exe
-adb2
-batchMode
-noUpm
-name
AssetImportWorker0
-projectPath
E:/C#/Break-Brick-Game
-logFile
Logs/AssetImportWorker0.log
-srvPort
61553
Successfully changed project path to: E:/C#/Break-Brick-Game
E:/C#/Break-Brick-Game
Using Asset Import Pipeline V2.
Refreshing native plugins compatible for Editor in 25.80 ms, found 2 plugins.
Preloading 0 native plugins for Editor in 0.00 ms.
Initialize engine version: 2020.3.27f1 (e759542391ea)
[Subsystems] Discovering subsystems at path C:/Program Files/Unity/Hub/Editor/2020.3.27f1/Editor/Data/Resources/UnitySubsystems
[Subsystems] Discovering subsystems at path E:/C#/Break-Brick-Game/Assets
GfxDevice: creating device client; threaded=0
Direct3D:
    Version:  Direct3D 11.0 [level 11.1]
    Renderer: Intel(R) UHD Graphics 630 (ID=0x9bc8)
    Vendor:   
    VRAM:     8110 MB
    Driver:   27.20.100.8681
Initialize mono
Mono path[0] = 'C:/Program Files/Unity/Hub/Editor/2020.3.27f1/Editor/Data/Managed'
Mono path[1] = 'C:/Program Files/Unity/Hub/Editor/2020.3.27f1/Editor/Data/MonoBleedingEdge/lib/mono/unityjit'
Mono config path = 'C:/Program Files/Unity/Hub/Editor/2020.3.27f1/Editor/Data/MonoBleedingEdge/etc'
Using monoOptions --debugger-agent=transport=dt_socket,embedding=1,server=y,suspend=n,address=127.0.0.1:56232
Begin MonoManager ReloadAssembly
Registering precompiled unity dll's ...
Register platform support module: C:/Program Files/Unity/Hub/Editor/2020.3.27f1/Editor/Data/PlaybackEngines/WebGLSupport/UnityEditor.WebGL.Extensions.dll
Register platform support module: C:/Program Files/Unity/Hub/Editor/2020.3.27f1/Editor/Data/PlaybackEngines/WindowsStandaloneSupport/UnityEditor.WindowsStandalone.Extensions.dll
Registered in 0.001617 seconds.
Native extension for WindowsStandalone target not found
Native extension for WebGL target not found
Refreshing native plugins compatible for Editor in 26.30 ms, found 2 plugins.
Preloading 0 native plugins for Editor in 0.00 ms.
Mono: successfully reloaded assembly
- Completed reload, in  0.488 seconds
Domain Reload Profiling:
	ReloadAssembly (488ms)
		BeginReloadAssembly (55ms)
			ExecutionOrderSort (0ms)
			DisableScriptedObjects (0ms)
			BackupInstance (0ms)
			ReleaseScriptingObjects (0ms)
			CreateAndSetChildDomain (1ms)
		EndReloadAssembly (374ms)
			LoadAssemblies (53ms)
			RebuildTransferFunctionScriptingTraits (0ms)
			SetupTypeCache (118ms)
			ReleaseScriptCaches (0ms)
			RebuildScriptCaches (30ms)
			SetupLoadedEditorAssemblies (139ms)
				LogAssemblyErrors (0ms)
				InitializePlatformSupportModulesInManaged (5ms)
				SetLoadedEditorAssemblies (0ms)
				RefreshPlugins (26ms)
				BeforeProcessingInitializeOnLoad (14ms)
				ProcessInitializeOnLoadAttributes (70ms)
				ProcessInitializeOnLoadMethodAttributes (23ms)
				AfterProcessingInitializeOnLoad (0ms)
				EditorAssembliesLoaded (0ms)
			ExecutionOrderSort2 (0ms)
			AwakeInstancesAfterBackupRestoration (0ms)
Platform modules already initialized, skipping
Registering precompiled user dll's ...
Registered in 0.002008 seconds.
Begin MonoManager ReloadAssembly
Native extension for WindowsStandalone target not found
Native extension for WebGL target not found
Refreshing native plugins compatible for Editor in 0.28 ms, found 2 plugins.
Preloading 0 native plugins for Editor in 0.00 ms.
Mono: successfully reloaded assembly
- Completed reload, in  0.849 seconds
Domain Reload Profiling:
	ReloadAssembly (850ms)
		BeginReloadAssembly (125ms)
			ExecutionOrderSort (0ms)
			DisableScriptedObjects (4ms)
			BackupInstance (0ms)
			ReleaseScriptingObjects (0ms)
			CreateAndSetChildDomain (15ms)
		EndReloadAssembly (674ms)
			LoadAssemblies (73ms)
			RebuildTransferFunctionScriptingTraits (0ms)
			SetupTypeCache (231ms)
			ReleaseScriptCaches (0ms)
			RebuildScriptCaches (39ms)
			SetupLoadedEditorAssemblies (259ms)
				LogAssemblyErrors (0ms)
				InitializePlatformSupportModulesInManaged (5ms)
				SetLoadedEditorAssemblies (0ms)
				RefreshPlugins (0ms)
				BeforeProcessingInitializeOnLoad (65ms)
				ProcessInitializeOnLoadAttributes (176ms)
				ProcessInitializeOnLoadMethodAttributes (7ms)
				AfterProcessingInitializeOnLoad (5ms)
				EditorAssembliesLoaded (0ms)
			ExecutionOrderSort2 (0ms)
			AwakeInstancesAfterBackupRestoration (6ms)
Platform modules already initialized, skipping
========================================================================
Worker process is ready to serve import requests
Launched and connected shader compiler UnityShaderCompiler.exe after 0.05 seconds
Refreshing native plugins compatible for Editor in 0.28 ms, found 2 plugins.
Preloading 0 native plugins for Editor in 0.00 ms.
Unloading 1509 Unused Serialized files (Serialized files now loaded: 0)
System memory in use before: 140.4 MB.
System memory in use after: 140.4 MB.

Unloading 19 unused Assets to reduce memory usage. Loaded Objects now: 1943.
Total: 2.244800 ms (FindLiveObjects: 0.112300 ms CreateObjectMapping: 0.042700 ms MarkObjects: 2.015600 ms  DeleteObjects: 0.073700 ms)

AssetImportParameters requested are different than current active one (requested -> active):
  custom:framework-win-MediaFoundation: 216162199b28c13a410421893ffa2e32 -> 
  custom:video-decoder-ogg-theora: a1e56fd34408186e4bbccfd4996cb3dc -> 
  custom:container-muxer-webm: aa71ff27fc2769a1b78a27578f13a17b -> 
  custom:container-demuxer-webm: 4f35f7cbe854078d1ac9338744f61a02 -> 
  custom:container-demuxer-ogg: 62fdf1f143b41e24485cea50d1cbac27 -> 
  custom:video-encoder-webm-vp8: eb34c28f22e8b96e1ab97ce403110664 -> 
  custom:video-decoder-webm-vp8: 9c59270c3fd7afecdb556c50c9e8de78 -> 
  custom:audio-decoder-ogg-vorbis: bf7c407c2cedff20999df2af8eb42d56 -> 
  custom:audio-encoder-webm-vorbis: bf7c407c2cedff20999df2af8eb42d56 -> 
========================================================================
Received Import Request.
  path: Assets/Sounds
  artifactKey: Guid(ad382217d82919146b6cad577ebc339a) Importer(815301076,1909f56bfc062723c751e8b465ee728b)
Start importing Assets/Sounds using Guid(ad382217d82919146b6cad577ebc339a) Importer(815301076,1909f56bfc062723c751e8b465ee728b)  -> (artifact id: '6c0ff01106f71182a7bf1cec018fca8a') in 0.006903 seconds 
  Import took 0.008858 seconds .

========================================================================
Received Import Request.
  Time since last request: 0.000160 seconds.
  path: Assets/Sounds/bensound-ukulele.mp3
  artifactKey: Guid(32b3d3ef8eee6624fb103c211bfa63bf) Importer(815301076,1909f56bfc062723c751e8b465ee728b)
Start importing Assets/Sounds/bensound-ukulele.mp3 using Guid(32b3d3ef8eee6624fb103c211bfa63bf) Importer(815301076,1909f56bfc062723c751e8b465ee728b)  -> (artifact id: '30372fe0538aa65a2cce1d41f947a0b9') in 0.072795 seconds 
  Import took 0.074794 seconds .

========================================================================
Received Import Request.
  Time since last request: 0.000122 seconds.
  path: Assets/Scripts
  artifactKey: Guid(b8d8d9907cfe24049a47d6ca4c818918) Importer(815301076,1909f56bfc062723c751e8b465ee728b)
Start importing Assets/Scripts using Guid(b8d8d9907cfe24049a47d6ca4c818918) Importer(815301076,1909f56bfc062723c751e8b465ee728b)  -> (artifact id: 'c56b235b271324d27d8df208f20b0ee4') in 0.004771 seconds 
  Import took 0.006985 seconds .

========================================================================
Received Import Request.
  Time since last request: 0.000189 seconds.
  path: Assets/Sounds/boom.mp3
  artifactKey: Guid(35a59e0a59e693646993e48236e52080) Importer(815301076,1909f56bfc062723c751e8b465ee728b)
Start importing Assets/Sounds/boom.mp3 using Guid(35a59e0a59e693646993e48236e52080) Importer(815301076,1909f56bfc062723c751e8b465ee728b)  -> (artifact id: 'a9d9d1382257d4199f5890377304fac4') in 0.013652 seconds 
  Import took 0.016092 seconds .

========================================================================
Received Import Request.
  Time since last request: 0.000134 seconds.
  path: Assets/Sounds/coin.wav
  artifactKey: Guid(5057a04ff1eb83947aa8b365ee5e6e71) Importer(815301076,1909f56bfc062723c751e8b465ee728b)
Start importing Assets/Sounds/coin.wav using Guid(5057a04ff1eb83947aa8b365ee5e6e71) Importer(815301076,1909f56bfc062723c751e8b465ee728b)  -> (artifact id: '0909dc4e663f0064f4e746087efb655b') in 0.012676 seconds 
  Import took 0.014826 seconds .

========================================================================
Received Import Request.
  Time since last request: 0.000157 seconds.
  path: Assets/Sounds/TiengSung.mp3
  artifactKey: Guid(b404647bc764ca246ba0010a36ed0cd4) Importer(815301076,1909f56bfc062723c751e8b465ee728b)
Start importing Assets/Sounds/TiengSung.mp3 using Guid(b404647bc764ca246ba0010a36ed0cd4) Importer(815301076,1909f56bfc062723c751e8b465ee728b)  -> (artifact id: 'f74a1664807f65bfad3b0fb077e63586') in 0.010547 seconds 
  Import took 0.012717 seconds .

========================================================================
Received Import Request.
  Time since last request: 0.000137 seconds.
  path: Assets/Sounds/Tieng-sung-www_nhacchuongvui_com.mp3
  artifactKey: Guid(456962a659eb0074c911491d459eeb72) Importer(815301076,1909f56bfc062723c751e8b465ee728b)
Start importing Assets/Sounds/Tieng-sung-www_nhacchuongvui_com.mp3 using Guid(456962a659eb0074c911491d459eeb72) Importer(815301076,1909f56bfc062723c751e8b465ee728b)  -> (artifact id: 'dc2b0c812a66c762a46702926a04384f') in 0.012962 seconds 
  Import took 0.015055 seconds .

========================================================================
Received Import Request.
  Time since last request: 0.120988 seconds.
  path: Assets/Texture
  artifactKey: Guid(87cada31bd3bab24880cfc6bd96fafc0) Importer(815301076,1909f56bfc062723c751e8b465ee728b)
Start importing Assets/Texture using Guid(87cada31bd3bab24880cfc6bd96fafc0) Importer(815301076,1909f56bfc062723c751e8b465ee728b)  -> (artifact id: '8f36b2febaceec7c0d0ff32362a4cdbb') in 0.004053 seconds 
  Import took 0.006411 seconds .

========================================================================
Received Import Request.
  Time since last request: 0.055560 seconds.
  path: Assets/Texture/anh-gai-xinh-3.jpg
  artifactKey: Guid(ffbac35ab95c91a42837c6052d145a51) Importer(815301076,1909f56bfc062723c751e8b465ee728b)
Start importing Assets/Texture/anh-gai-xinh-3.jpg using Guid(ffbac35ab95c91a42837c6052d145a51) Importer(815301076,1909f56bfc062723c751e8b465ee728b)  -> (artifact id: '72ed7d503bbe792707bc4028aaeb8e77') in 0.041130 seconds 
  Import took 0.043374 seconds .

========================================================================
Received Import Request.
  Time since last request: 0.000204 seconds.
  path: Assets/Texture/black 1.jpg
  artifactKey: Guid(a486d6a58f0c5ec409a52a01ce188433) Importer(815301076,1909f56bfc062723c751e8b465ee728b)
Start importing Assets/Texture/black 1.jpg using Guid(a486d6a58f0c5ec409a52a01ce188433) Importer(815301076,1909f56bfc062723c751e8b465ee728b)  -> (artifact id: 'cf953f2fcdc01a581589c9124b22e9ba') in 0.013770 seconds 
  Import took 0.016044 seconds .

========================================================================
Received Import Request.
  Time since last request: 0.000149 seconds.
  path: Assets/Texture/green.png
  artifactKey: Guid(9db35ba3356cec74f8702e4638ba8199) Importer(815301076,1909f56bfc062723c751e8b465ee728b)
Start importing Assets/Texture/green.png using Guid(9db35ba3356cec74f8702e4638ba8199) Importer(815301076,1909f56bfc062723c751e8b465ee728b)  -> (artifact id: '1598f94842f840178fd81e16d27ff63b') in 0.011491 seconds 
  Import took 0.013681 seconds .

========================================================================
Received Import Request.
  Time since last request: 0.000161 seconds.
  path: Assets/Texture/yellow.png
  artifactKey: Guid(d774f4b42c3688c4d83a5610f6836a5e) Importer(815301076,1909f56bfc062723c751e8b465ee728b)
Start importing Assets/Texture/yellow.png using Guid(d774f4b42c3688c4d83a5610f6836a5e) Importer(815301076,1909f56bfc062723c751e8b465ee728b)  -> (artifact id: '39f5685aa33bd1aca04c8e9b89f7503e') in 0.010320 seconds 
  Import took 0.013081 seconds .

========================================================================
Received Import Request.
  Time since last request: 1.512099 seconds.
  path: Assets/Prefabs
  artifactKey: Guid(aeb1586ff216e594f8a3cda857bfaed6) Importer(815301076,1909f56bfc062723c751e8b465ee728b)
Start importing Assets/Prefabs using Guid(aeb1586ff216e594f8a3cda857bfaed6) Importer(815301076,1909f56bfc062723c751e8b465ee728b)  -> (artifact id: '50958e696a5703f983fe007329d11557') in 0.004844 seconds 
  Import took 0.007848 seconds .

========================================================================
Received Import Request.
  Time since last request: 0.056691 seconds.
  path: Assets/Prefabs/Brick.prefab
  artifactKey: Guid(e11fa4773a374ac40adaf9214a3f71ee) Importer(815301076,1909f56bfc062723c751e8b465ee728b)
Start importing Assets/Prefabs/Brick.prefab using Guid(e11fa4773a374ac40adaf9214a3f71ee) Importer(815301076,1909f56bfc062723c751e8b465ee728b)  -> (artifact id: '86e1451578f7d82d9dea10479a6eb216') in 0.032207 seconds 
  Import took 0.034723 seconds .

========================================================================
Received Import Request.
  Time since last request: 0.000244 seconds.
  path: Assets/Prefabs/Player.prefab
  artifactKey: Guid(1d8207e59a0c129428604962aea09519) Importer(815301076,1909f56bfc062723c751e8b465ee728b)
Start importing Assets/Prefabs/Player.prefab using Guid(1d8207e59a0c129428604962aea09519) Importer(815301076,1909f56bfc062723c751e8b465ee728b)  -> (artifact id: '5b787946e95ac74973943cdcc11d0b25') in 0.026426 seconds 
  Import took 0.028492 seconds .

========================================================================
Received Import Request.
  Time since last request: 0.000205 seconds.
  path: Assets/Prefabs/Walls.prefab
  artifactKey: Guid(1b5d868e652f0e24b990a20c35ff2cca) Importer(815301076,1909f56bfc062723c751e8b465ee728b)
Start importing Assets/Prefabs/Walls.prefab using Guid(1b5d868e652f0e24b990a20c35ff2cca) Importer(815301076,1909f56bfc062723c751e8b465ee728b)  -> (artifact id: '53be471666df494a3392975f89fc60ac') in 0.029271 seconds 
  Import took 0.031582 seconds .

========================================================================
Received Import Request.
  Time since last request: 62.309795 seconds.
  path: Assets/Scripts/Brick.cs
  artifactKey: Guid(fea8c088cc238e94e984df11afe2b20f) Importer(815301076,1909f56bfc062723c751e8b465ee728b)
Start importing Assets/Scripts/Brick.cs using Guid(fea8c088cc238e94e984df11afe2b20f) Importer(815301076,1909f56bfc062723c751e8b465ee728b)  -> (artifact id: '547e0215c7021f97059efc3baef0a0bb') in 0.039601 seconds 
  Import took 0.041639 seconds .

========================================================================
Received Import Request.
  Time since last request: 50.358314 seconds.
  path: Packages/com.unity.ext.nunit/package.json
  artifactKey: Guid(8143d3a8390f2c64685e3bc272bd9e90) Importer(815301076,1909f56bfc062723c751e8b465ee728b)
Start importing Packages/com.unity.ext.nunit/package.json using Guid(8143d3a8390f2c64685e3bc272bd9e90) Importer(815301076,1909f56bfc062723c751e8b465ee728b)  -> (artifact id: '36f449bd9ed4a92e06d659da724da745') in 0.008522 seconds 
  Import took 0.011085 seconds .

========================================================================
Received Import Request.
  Time since last request: 1.459619 seconds.
  path: Packages/com.unity.ide.rider/package.json
  artifactKey: Guid(66c95bb3c74257f41bae2622511dc02d) Importer(815301076,1909f56bfc062723c751e8b465ee728b)
Start importing Packages/com.unity.ide.rider/package.json using Guid(66c95bb3c74257f41bae2622511dc02d) Importer(815301076,1909f56bfc062723c751e8b465ee728b)  -> (artifact id: 'ff96f7b61e94a0dc9b975679be81ead9') in 0.006223 seconds 
  Import took 0.008444 seconds .

========================================================================
Received Import Request.
  Time since last request: 0.482169 seconds.
  path: Packages/com.unity.nuget.newtonsoft-json/package.json
  artifactKey: Guid(f8d4e5c2f2df25449ae8c391afbe5114) Importer(815301076,1909f56bfc062723c751e8b465ee728b)
Start importing Packages/com.unity.nuget.newtonsoft-json/package.json using Guid(f8d4e5c2f2df25449ae8c391afbe5114) Importer(815301076,1909f56bfc062723c751e8b465ee728b)  -> (artifact id: '3887d1616531507fa9c4f23ac1ba7ce0') in 0.005704 seconds 
  Import took 0.008174 seconds .

========================================================================
Received Import Request.
  Time since last request: 0.635957 seconds.
  path: Packages/com.unity.services.core/package.json
  artifactKey: Guid(182c5bcc97fc21747a9ca5e01da1ed3f) Importer(815301076,1909f56bfc062723c751e8b465ee728b)
Start importing Packages/com.unity.services.core/package.json using Guid(182c5bcc97fc21747a9ca5e01da1ed3f) Importer(815301076,1909f56bfc062723c751e8b465ee728b)  -> (artifact id: '25b8084c496b82982a982aa19ee0d890') in 0.004543 seconds 
  Import took 0.006816 seconds .

========================================================================
Received Import Request.
  Time since last request: 0.609481 seconds.
  path: Packages/com.unity.test-framework/package.json
  artifactKey: Guid(d6a2e6e4803de7b43baacdc355fc144d) Importer(815301076,1909f56bfc062723c751e8b465ee728b)
Start importing Packages/com.unity.test-framework/package.json using Guid(d6a2e6e4803de7b43baacdc355fc144d) Importer(815301076,1909f56bfc062723c751e8b465ee728b)  -> (artifact id: '348d0090788821c173ed5a91192d97b9') in 0.004307 seconds 
  Import took 0.006852 seconds .

========================================================================
Received Import Request.
  Time since last request: 4.743232 seconds.
  path: Packages/com.unity.test-framework/UnityEngine.TestRunner
  artifactKey: Guid(950890083f4907541a6ed06d70959e49) Importer(815301076,1909f56bfc062723c751e8b465ee728b)
Start importing Packages/com.unity.test-framework/UnityEngine.TestRunner using Guid(950890083f4907541a6ed06d70959e49) Importer(815301076,1909f56bfc062723c751e8b465ee728b)  -> (artifact id: 'f7c1022129e4c551f8997afcae28fe50') in 0.005608 seconds 
  Import took 0.008402 seconds .

========================================================================
Received Import Request.
  Time since last request: 0.213994 seconds.
  path: Packages/com.unity.test-framework/UnityEngine.TestRunner/UnityEngine.TestRunner.asmdef
  artifactKey: Guid(27619889b8ba8c24980f49ee34dbb44a) Importer(815301076,1909f56bfc062723c751e8b465ee728b)
Start importing Packages/com.unity.test-framework/UnityEngine.TestRunner/UnityEngine.TestRunner.asmdef using Guid(27619889b8ba8c24980f49ee34dbb44a) Importer(815301076,1909f56bfc062723c751e8b465ee728b)  -> (artifact id: '4cc72419ab1198df33673865af686382') in 0.002352 seconds 
  Import took 0.004822 seconds .

========================================================================
Received Import Request.
  Time since last request: 2.945669 seconds.
  path: Packages/com.unity.test-framework/UnityEditor.TestRunner/UnityEditor.TestRunner.asmdef
  artifactKey: Guid(0acc523941302664db1f4e527237feb3) Importer(815301076,1909f56bfc062723c751e8b465ee728b)
Start importing Packages/com.unity.test-framework/UnityEditor.TestRunner/UnityEditor.TestRunner.asmdef using Guid(0acc523941302664db1f4e527237feb3) Importer(815301076,1909f56bfc062723c751e8b465ee728b)  -> (artifact id: '37b436c5b272fbb9cad20717b7382829') in 0.003875 seconds 
  Import took 0.006045 seconds .

========================================================================
Received Import Request.
  Time since last request: 2.386551 seconds.
  path: Packages/com.unity.test-framework/UnityEditor.TestRunner/Api
  artifactKey: Guid(fa423365b1ce06a4dbdc6fb4a8597bfa) Importer(815301076,1909f56bfc062723c751e8b465ee728b)
Start importing Packages/com.unity.test-framework/UnityEditor.TestRunner/Api using Guid(fa423365b1ce06a4dbdc6fb4a8597bfa) Importer(815301076,1909f56bfc062723c751e8b465ee728b)  -> (artifact id: '741cd0af843f7d968e93120c1a857fd1') in 0.005338 seconds 
  Import took 0.007782 seconds .

========================================================================
Received Import Request.
  Time since last request: 191.047226 seconds.
  path: Assets/Scenes
  artifactKey: Guid(f0b06e90466bd2a408437c1cc1869306) Importer(815301076,1909f56bfc062723c751e8b465ee728b)
Start importing Assets/Scenes using Guid(f0b06e90466bd2a408437c1cc1869306) Importer(815301076,1909f56bfc062723c751e8b465ee728b)  -> (artifact id: '286ad25b2aa5c8941d9572a47387a579') in 0.006844 seconds 
  Import took 0.009183 seconds .

========================================================================
Received Import Request.
  Time since last request: 1.228371 seconds.
  path: Assets/Scenes/SampleScene.unity
  artifactKey: Guid(9fc0d4010bbf28b4594072e72b8655ab) Importer(815301076,1909f56bfc062723c751e8b465ee728b)
Start importing Assets/Scenes/SampleScene.unity using Guid(9fc0d4010bbf28b4594072e72b8655ab) Importer(815301076,1909f56bfc062723c751e8b465ee728b)  -> (artifact id: '38f0e6f9e2a6c02a36145558d4cfc267') in 0.005211 seconds 
  Import took 0.008475 seconds .

========================================================================
Received Prepare
Registering precompiled user dll's ...
Registered in 0.002161 seconds.
Begin MonoManager ReloadAssembly
Native extension for WindowsStandalone target not found
Native extension for WebGL target not found
Refreshing native plugins compatible for Editor in 0.29 ms, found 2 plugins.
Preloading 0 native plugins for Editor in 0.00 ms.
Mono: successfully reloaded assembly
- Completed reload, in  0.797 seconds
Domain Reload Profiling:
	ReloadAssembly (797ms)
		BeginReloadAssembly (95ms)
			ExecutionOrderSort (0ms)
			DisableScriptedObjects (4ms)
			BackupInstance (0ms)
			ReleaseScriptingObjects (0ms)
			CreateAndSetChildDomain (27ms)
		EndReloadAssembly (650ms)
			LoadAssemblies (73ms)
			RebuildTransferFunctionScriptingTraits (0ms)
			SetupTypeCache (225ms)
			ReleaseScriptCaches (1ms)
			RebuildScriptCaches (36ms)
			SetupLoadedEditorAssemblies (238ms)
				LogAssemblyErrors (0ms)
				InitializePlatformSupportModulesInManaged (5ms)
				SetLoadedEditorAssemblies (0ms)
				RefreshPlugins (0ms)
				BeforeProcessingInitializeOnLoad (61ms)
				ProcessInitializeOnLoadAttributes (161ms)
				ProcessInitializeOnLoadMethodAttributes (7ms)
				AfterProcessingInitializeOnLoad (4ms)
				EditorAssembliesLoaded (0ms)
			ExecutionOrderSort2 (0ms)
			AwakeInstancesAfterBackupRestoration (5ms)
Platform modules already initialized, skipping
Switching build target platform(19) subTarget(0) extendedPlatform(0) -> platform(13) subTarget(589824) extendedPlatform(0)
Refreshing native plugins compatible for Editor in 0.30 ms, found 2 plugins.
Preloading 0 native plugins for Editor in 0.00 ms.
Unloading 1506 Unused Serialized files (Serialized files now loaded: 0)
System memory in use before: 143.5 MB.
System memory in use after: 143.6 MB.

Unloading 14 unused Assets to reduce memory usage. Loaded Objects now: 1959.
Total: 2.219000 ms (FindLiveObjects: 0.108600 ms CreateObjectMapping: 0.035900 ms MarkObjects: 2.062500 ms  DeleteObjects: 0.011200 ms)

AssetImportParameters requested are different than current active one (requested -> active):
  custom:framework-win-MediaFoundation: 216162199b28c13a410421893ffa2e32 -> 
  custom:video-decoder-ogg-theora: a1e56fd34408186e4bbccfd4996cb3dc -> 
  custom:container-muxer-webm: aa71ff27fc2769a1b78a27578f13a17b -> 
  custom:container-demuxer-webm: 4f35f7cbe854078d1ac9338744f61a02 -> 
  custom:container-demuxer-ogg: 62fdf1f143b41e24485cea50d1cbac27 -> 
  custom:video-encoder-webm-vp8: eb34c28f22e8b96e1ab97ce403110664 -> 
  custom:video-decoder-webm-vp8: 9c59270c3fd7afecdb556c50c9e8de78 -> 
  custom:graphics/normal-map-encoding: 01000000000000000000000000000000 -> 02000000000000000000000000000000
  custom:audio-decoder-ogg-vorbis: bf7c407c2cedff20999df2af8eb42d56 -> 
  custom:audio-encoder-webm-vorbis: bf7c407c2cedff20999df2af8eb42d56 -> 
AssetImportWorkerClient::OnTransportError - code=2 error=End of file
